[0.000000] (-) TimerEvent: {}
[0.000065] (-) JobUnselected: {'identifier': 'descartes_light'}
[0.000091] (-) JobUnselected: {'identifier': 'ifopt'}
[0.000105] (-) JobUnselected: {'identifier': 'opw_kinematics'}
[0.000133] (-) JobUnselected: {'identifier': 'osqp'}
[0.000150] (-) JobUnselected: {'identifier': 'osqp_eigen'}
[0.000162] (-) JobUnselected: {'identifier': 'qpoases'}
[0.000175] (-) JobUnselected: {'identifier': 'ros_industrial_cmake_boilerplate'}
[0.000185] (-) JobUnselected: {'identifier': 'ruckig'}
[0.000195] (-) JobUnselected: {'identifier': 'tesseract_collision'}
[0.000204] (-) JobUnselected: {'identifier': 'tesseract_command_language'}
[0.000215] (-) JobUnselected: {'identifier': 'tesseract_common'}
[0.000295] (-) JobUnselected: {'identifier': 'tesseract_environment'}
[0.000314] (-) JobUnselected: {'identifier': 'tesseract_examples'}
[0.000540] (-) JobUnselected: {'identifier': 'tesseract_geometry'}
[0.000553] (-) JobUnselected: {'identifier': 'tesseract_kinematics'}
[0.000571] (-) JobUnselected: {'identifier': 'tesseract_motion_planners'}
[0.000582] (-) JobUnselected: {'identifier': 'tesseract_python'}
[0.000591] (-) JobUnselected: {'identifier': 'tesseract_python'}
[0.000626] (-) JobUnselected: {'identifier': 'tesseract_python_nb'}
[0.000638] (-) JobUnselected: {'identifier': 'tesseract_scene_graph'}
[0.000647] (-) JobUnselected: {'identifier': 'tesseract_srdf'}
[0.000657] (-) JobUnselected: {'identifier': 'tesseract_state_solver'}
[0.000666] (-) JobUnselected: {'identifier': 'tesseract_support'}
[0.000715] (-) JobUnselected: {'identifier': 'tesseract_task_composer'}
[0.000725] (-) JobUnselected: {'identifier': 'tesseract_time_parameterization'}
[0.000735] (-) JobUnselected: {'identifier': 'tesseract_urdf'}
[0.000756] (-) JobUnselected: {'identifier': 'tesseract_viewer_python'}
[0.000823] (-) JobUnselected: {'identifier': 'tesseract_visualization'}
[0.000834] (-) JobUnselected: {'identifier': 'trajopt'}
[0.000844] (-) JobUnselected: {'identifier': 'trajopt_common'}
[0.000853] (-) JobUnselected: {'identifier': 'trajopt_ifopt'}
[0.000862] (-) JobUnselected: {'identifier': 'trajopt_sqp'}
[0.000871] (-) JobUnselected: {'identifier': 'vhacd'}
[0.000882] (trajopt_sco) JobQueued: {'identifier': 'trajopt_sco', 'dependencies': OrderedDict({'ros_industrial_cmake_boilerplate': '/Users/jelle/Code/CADCAM/tesseract_python_nanobind/install', 'opw_kinematics': '/Users/jelle/Code/CADCAM/tesseract_python_nanobind/install', 'osqp': '/Users/jelle/Code/CADCAM/tesseract_python_nanobind/install', 'qpoases': '/Users/jelle/Code/CADCAM/tesseract_python_nanobind/install', 'tesseract_common': '/Users/jelle/Code/CADCAM/tesseract_python_nanobind/install', 'tesseract_support': '/Users/jelle/Code/CADCAM/tesseract_python_nanobind/install', 'tesseract_geometry': '/Users/jelle/Code/CADCAM/tesseract_python_nanobind/install', 'tesseract_scene_graph': '/Users/jelle/Code/CADCAM/tesseract_python_nanobind/install', 'tesseract_collision': '/Users/jelle/Code/CADCAM/tesseract_python_nanobind/install', 'tesseract_urdf': '/Users/jelle/Code/CADCAM/tesseract_python_nanobind/install', 'tesseract_state_solver': '/Users/jelle/Code/CADCAM/tesseract_python_nanobind/install', 'tesseract_kinematics': '/Users/jelle/Code/CADCAM/tesseract_python_nanobind/install', 'trajopt_common': '/Users/jelle/Code/CADCAM/tesseract_python_nanobind/install'})}
[0.000907] (trajopt_sco) JobStarted: {'identifier': 'trajopt_sco'}
[0.013182] (trajopt_sco) JobEnded: {'identifier': 'trajopt_sco', 'rc': 1}
[0.013751] (-) EventReactorShutdown: {}
